2024-10-12 10:05:23.731  INFO 20488 [           main] cn.net.explorer.ExplorerApplication      : Starting ExplorerApplication using Java 1.8.0_121 on root with PID 20488 (E:\workspace\offset-explorer\target\classes started by 14867 in E:\workspace\offset-explorer)
2024-10-12 10:05:23.734  INFO 20488 [           main] cn.net.explorer.ExplorerApplication      : No active profile set, falling back to 1 default profile: "default"
2024-10-12 10:05:24.685  INFO 20488 [           main] o.s.b.w.embedded.tomcat.TomcatWebServer  : Tomcat initialized with port(s): 8080 (http)
2024-10-12 10:05:24.693  INFO 20488 [           main] o.apache.catalina.core.StandardService   : Starting service [Tomcat]
2024-10-12 10:05:24.694  INFO 20488 [           main] org.apache.catalina.core.StandardEngine  : Starting Servlet engine: [Apache Tomcat/9.0.71]
2024-10-12 10:05:24.804  INFO 20488 [           main] o.a.c.c.C.[Tomcat].[localhost].[/]       : Initializing Spring embedded WebApplicationContext
2024-10-12 10:05:24.804  INFO 20488 [           main] w.s.c.ServletWebServerApplicationContext : Root WebApplicationContext: initialization completed in 1018 ms
2024-10-12 10:05:24.931  INFO 20488 [           main] c.a.d.s.b.a.DruidDataSourceAutoConfigure : Init DruidDataSource
2024-10-12 10:05:25.127  INFO 20488 [           main] com.alibaba.druid.pool.DruidDataSource   : {dataSource-1} inited
2024-10-12 10:05:26.196  INFO 20488 [           main] o.s.b.w.embedded.tomcat.TomcatWebServer  : Tomcat started on port(s): 8080 (http) with context path ''
2024-10-12 10:05:26.206  INFO 20488 [           main] cn.net.explorer.ExplorerApplication      : Started ExplorerApplication in 3.1 seconds (JVM running for 4.285)
2024-10-12 10:05:45.363  INFO 20488 [nio-8080-exec-2] o.a.c.c.C.[Tomcat].[localhost].[/]       : Initializing Spring DispatcherServlet 'dispatcherServlet'
2024-10-12 10:05:45.364  INFO 20488 [nio-8080-exec-2] o.s.web.servlet.DispatcherServlet        : Initializing Servlet 'dispatcherServlet'
2024-10-12 10:05:45.364  INFO 20488 [nio-8080-exec-2] o.s.web.servlet.DispatcherServlet        : Completed initialization in 0 ms
2024-10-12 10:07:51.851  INFO 30572 [           main] cn.net.explorer.ExplorerApplication      : Starting ExplorerApplication using Java 1.8.0_121 on root with PID 30572 (E:\workspace\offset-explorer\target\classes started by 14867 in E:\workspace\offset-explorer)
2024-10-12 10:07:51.854  INFO 30572 [           main] cn.net.explorer.ExplorerApplication      : No active profile set, falling back to 1 default profile: "default"
2024-10-12 10:07:52.598  INFO 30572 [           main] o.s.b.w.embedded.tomcat.TomcatWebServer  : Tomcat initialized with port(s): 8080 (http)
2024-10-12 10:07:52.604  INFO 30572 [           main] o.apache.catalina.core.StandardService   : Starting service [Tomcat]
2024-10-12 10:07:52.605  INFO 30572 [           main] org.apache.catalina.core.StandardEngine  : Starting Servlet engine: [Apache Tomcat/9.0.71]
2024-10-12 10:07:52.695  INFO 30572 [           main] o.a.c.c.C.[Tomcat].[localhost].[/]       : Initializing Spring embedded WebApplicationContext
2024-10-12 10:07:52.695  INFO 30572 [           main] w.s.c.ServletWebServerApplicationContext : Root WebApplicationContext: initialization completed in 801 ms
2024-10-12 10:07:52.808  INFO 30572 [           main] c.a.d.s.b.a.DruidDataSourceAutoConfigure : Init DruidDataSource
2024-10-12 10:07:53.001  INFO 30572 [           main] com.alibaba.druid.pool.DruidDataSource   : {dataSource-1} inited
2024-10-12 10:07:53.977  INFO 30572 [           main] o.s.b.w.embedded.tomcat.TomcatWebServer  : Tomcat started on port(s): 8080 (http) with context path ''
2024-10-12 10:07:53.986  INFO 30572 [           main] cn.net.explorer.ExplorerApplication      : Started ExplorerApplication in 2.576 seconds (JVM running for 3.42)
2024-10-12 10:08:04.363  INFO 30572 [nio-8080-exec-1] o.a.c.c.C.[Tomcat].[localhost].[/]       : Initializing Spring DispatcherServlet 'dispatcherServlet'
2024-10-12 10:08:04.363  INFO 30572 [nio-8080-exec-1] o.s.web.servlet.DispatcherServlet        : Initializing Servlet 'dispatcherServlet'
2024-10-12 10:08:04.364  INFO 30572 [nio-8080-exec-1] o.s.web.servlet.DispatcherServlet        : Completed initialization in 1 ms
2024-10-12 10:08:25.964  INFO 15068 [           main] cn.net.explorer.ExplorerApplication      : Starting ExplorerApplication using Java 1.8.0_121 on root with PID 15068 (E:\workspace\offset-explorer\target\classes started by 14867 in E:\workspace\offset-explorer)
2024-10-12 10:08:25.967  INFO 15068 [           main] cn.net.explorer.ExplorerApplication      : No active profile set, falling back to 1 default profile: "default"
2024-10-12 10:08:26.688  INFO 15068 [           main] o.s.b.w.embedded.tomcat.TomcatWebServer  : Tomcat initialized with port(s): 8080 (http)
2024-10-12 10:08:26.696  INFO 15068 [           main] o.apache.catalina.core.StandardService   : Starting service [Tomcat]
2024-10-12 10:08:26.697  INFO 15068 [           main] org.apache.catalina.core.StandardEngine  : Starting Servlet engine: [Apache Tomcat/9.0.71]
2024-10-12 10:08:26.794  INFO 15068 [           main] o.a.c.c.C.[Tomcat].[localhost].[/]       : Initializing Spring embedded WebApplicationContext
2024-10-12 10:08:26.794  INFO 15068 [           main] w.s.c.ServletWebServerApplicationContext : Root WebApplicationContext: initialization completed in 792 ms
2024-10-12 10:08:26.917  INFO 15068 [           main] c.a.d.s.b.a.DruidDataSourceAutoConfigure : Init DruidDataSource
2024-10-12 10:08:27.110  INFO 15068 [           main] com.alibaba.druid.pool.DruidDataSource   : {dataSource-1} inited
2024-10-12 10:08:28.131  INFO 15068 [           main] o.s.b.w.embedded.tomcat.TomcatWebServer  : Tomcat started on port(s): 8080 (http) with context path ''
2024-10-12 10:08:28.141  INFO 15068 [           main] cn.net.explorer.ExplorerApplication      : Started ExplorerApplication in 2.536 seconds (JVM running for 4.012)
2024-10-12 10:08:45.711  INFO 18116 [           main] cn.net.explorer.ExplorerApplication      : Starting ExplorerApplication using Java 1.8.0_121 on root with PID 18116 (E:\workspace\offset-explorer\target\classes started by 14867 in E:\workspace\offset-explorer)
2024-10-12 10:08:45.714  INFO 18116 [           main] cn.net.explorer.ExplorerApplication      : No active profile set, falling back to 1 default profile: "default"
2024-10-12 10:08:46.518  INFO 18116 [           main] o.s.b.w.embedded.tomcat.TomcatWebServer  : Tomcat initialized with port(s): 8080 (http)
2024-10-12 10:08:46.527  INFO 18116 [           main] o.apache.catalina.core.StandardService   : Starting service [Tomcat]
2024-10-12 10:08:46.528  INFO 18116 [           main] org.apache.catalina.core.StandardEngine  : Starting Servlet engine: [Apache Tomcat/9.0.71]
2024-10-12 10:08:46.646  INFO 18116 [           main] o.a.c.c.C.[Tomcat].[localhost].[/]       : Initializing Spring embedded WebApplicationContext
2024-10-12 10:08:46.646  INFO 18116 [           main] w.s.c.ServletWebServerApplicationContext : Root WebApplicationContext: initialization completed in 875 ms
2024-10-12 10:08:46.818  INFO 18116 [           main] c.a.d.s.b.a.DruidDataSourceAutoConfigure : Init DruidDataSource
2024-10-12 10:08:47.012  INFO 18116 [           main] com.alibaba.druid.pool.DruidDataSource   : {dataSource-1} inited
2024-10-12 10:08:48.184  INFO 18116 [           main] o.s.b.w.embedded.tomcat.TomcatWebServer  : Tomcat started on port(s): 8080 (http) with context path ''
2024-10-12 10:08:48.194  INFO 18116 [           main] cn.net.explorer.ExplorerApplication      : Started ExplorerApplication in 2.985 seconds (JVM running for 3.985)
2024-10-12 10:08:49.535  INFO 18116 [nio-8080-exec-2] o.a.c.c.C.[Tomcat].[localhost].[/]       : Initializing Spring DispatcherServlet 'dispatcherServlet'
2024-10-12 10:08:49.536  INFO 18116 [nio-8080-exec-2] o.s.web.servlet.DispatcherServlet        : Initializing Servlet 'dispatcherServlet'
2024-10-12 10:08:49.537  INFO 18116 [nio-8080-exec-2] o.s.web.servlet.DispatcherServlet        : Completed initialization in 1 ms
2024-10-12 11:07:17.208  INFO 2768 [           main] cn.net.explorer.ExplorerApplication      : Starting ExplorerApplication using Java 1.8.0_121 on root with PID 2768 (E:\workspace\offset-explorer\target\classes started by 14867 in E:\workspace\offset-explorer)
2024-10-12 11:07:17.210  INFO 2768 [           main] cn.net.explorer.ExplorerApplication      : No active profile set, falling back to 1 default profile: "default"
2024-10-12 11:07:18.114  INFO 2768 [           main] o.s.b.w.embedded.tomcat.TomcatWebServer  : Tomcat initialized with port(s): 8080 (http)
2024-10-12 11:07:18.123  INFO 2768 [           main] o.apache.catalina.core.StandardService   : Starting service [Tomcat]
2024-10-12 11:07:18.123  INFO 2768 [           main] org.apache.catalina.core.StandardEngine  : Starting Servlet engine: [Apache Tomcat/9.0.71]
2024-10-12 11:07:18.247  INFO 2768 [           main] o.a.c.c.C.[Tomcat].[localhost].[/]       : Initializing Spring embedded WebApplicationContext
2024-10-12 11:07:18.247  INFO 2768 [           main] w.s.c.ServletWebServerApplicationContext : Root WebApplicationContext: initialization completed in 993 ms
2024-10-12 11:07:18.434  INFO 2768 [           main] c.a.d.s.b.a.DruidDataSourceAutoConfigure : Init DruidDataSource
2024-10-12 11:07:18.666  INFO 2768 [           main] com.alibaba.druid.pool.DruidDataSource   : {dataSource-1} inited
2024-10-12 11:07:19.749  INFO 2768 [           main] o.s.b.w.embedded.tomcat.TomcatWebServer  : Tomcat started on port(s): 8080 (http) with context path ''
2024-10-12 11:07:19.763  INFO 2768 [           main] cn.net.explorer.ExplorerApplication      : Started ExplorerApplication in 3.011 seconds (JVM running for 3.925)
2024-10-12 11:10:33.484  INFO 2768 [nio-8080-exec-2] o.a.c.c.C.[Tomcat].[localhost].[/]       : Initializing Spring DispatcherServlet 'dispatcherServlet'
2024-10-12 11:10:33.485  INFO 2768 [nio-8080-exec-2] o.s.web.servlet.DispatcherServlet        : Initializing Servlet 'dispatcherServlet'
2024-10-12 11:10:33.486  INFO 2768 [nio-8080-exec-2] o.s.web.servlet.DispatcherServlet        : Completed initialization in 1 ms
2024-10-12 11:11:06.864  INFO 2768 [nio-8080-exec-3] o.a.k.clients.admin.AdminClientConfig    : AdminClientConfig values: 
	bootstrap.servers = [192.168.0.71:19092]
	client.dns.lookup = use_all_dns_ips
	client.id = 
	connections.max.idle.ms = 300000
	default.api.timeout.ms = 60000
	metadata.max.age.ms = 300000
	metric.reporters = []
	metrics.num.samples = 2
	metrics.recording.level = INFO
	metrics.sample.window.ms = 30000
	receive.buffer.bytes = 65536
	reconnect.backoff.max.ms = 1000
	reconnect.backoff.ms = 50
	request.timeout.ms = 5000
	retries = 2147483647
	retry.backoff.ms = 100
	sasl.client.callback.handler.class = null
	sasl.jaas.config = null
	sasl.kerberos.kinit.cmd = /usr/bin/kinit
	sasl.kerberos.min.time.before.relogin = 60000
	sasl.kerberos.service.name = null
	sasl.kerberos.ticket.renew.jitter = 0.05
	sasl.kerberos.ticket.renew.window.factor = 0.8
	sasl.login.callback.handler.class = null
	sasl.login.class = null
	sasl.login.refresh.buffer.seconds = 300
	sasl.login.refresh.min.period.seconds = 60
	sasl.login.refresh.window.factor = 0.8
	sasl.login.refresh.window.jitter = 0.05
	sasl.mechanism = GSSAPI
	security.protocol = PLAINTEXT
	security.providers = null
	send.buffer.bytes = 131072
	ssl.cipher.suites = null
	ssl.enabled.protocols = [TLSv1.2]
	ssl.endpoint.identification.algorithm = https
	ssl.engine.factory.class = null
	ssl.key.password = null
	ssl.keymanager.algorithm = SunX509
	ssl.keystore.location = null
	ssl.keystore.password = null
	ssl.keystore.type = JKS
	ssl.protocol = TLSv1.2
	ssl.provider = null
	ssl.secure.random.implementation = null
	ssl.trustmanager.algorithm = PKIX
	ssl.truststore.location = null
	ssl.truststore.password = null
	ssl.truststore.type = JKS

2024-10-12 11:11:06.903  INFO 2768 [nio-8080-exec-3] o.a.kafka.common.utils.AppInfoParser     : Kafka version: 2.6.0
2024-10-12 11:11:06.904  INFO 2768 [nio-8080-exec-3] o.a.kafka.common.utils.AppInfoParser     : Kafka commitId: 62abe01bee039651
2024-10-12 11:11:06.904  INFO 2768 [nio-8080-exec-3] o.a.kafka.common.utils.AppInfoParser     : Kafka startTimeMs: 1728702666902
2024-10-12 11:11:43.555  INFO 2768 [nio-8080-exec-4] o.a.k.clients.admin.AdminClientConfig    : AdminClientConfig values: 
	bootstrap.servers = [192.168.0.71:19092]
	client.dns.lookup = use_all_dns_ips
	client.id = 
	connections.max.idle.ms = 300000
	default.api.timeout.ms = 60000
	metadata.max.age.ms = 300000
	metric.reporters = []
	metrics.num.samples = 2
	metrics.recording.level = INFO
	metrics.sample.window.ms = 30000
	receive.buffer.bytes = 65536
	reconnect.backoff.max.ms = 1000
	reconnect.backoff.ms = 50
	request.timeout.ms = 5000
	retries = 2147483647
	retry.backoff.ms = 100
	sasl.client.callback.handler.class = null
	sasl.jaas.config = null
	sasl.kerberos.kinit.cmd = /usr/bin/kinit
	sasl.kerberos.min.time.before.relogin = 60000
	sasl.kerberos.service.name = null
	sasl.kerberos.ticket.renew.jitter = 0.05
	sasl.kerberos.ticket.renew.window.factor = 0.8
	sasl.login.callback.handler.class = null
	sasl.login.class = null
	sasl.login.refresh.buffer.seconds = 300
	sasl.login.refresh.min.period.seconds = 60
	sasl.login.refresh.window.factor = 0.8
	sasl.login.refresh.window.jitter = 0.05
	sasl.mechanism = GSSAPI
	security.protocol = PLAINTEXT
	security.providers = null
	send.buffer.bytes = 131072
	ssl.cipher.suites = null
	ssl.enabled.protocols = [TLSv1.2]
	ssl.endpoint.identification.algorithm = https
	ssl.engine.factory.class = null
	ssl.key.password = null
	ssl.keymanager.algorithm = SunX509
	ssl.keystore.location = null
	ssl.keystore.password = null
	ssl.keystore.type = JKS
	ssl.protocol = TLSv1.2
	ssl.provider = null
	ssl.secure.random.implementation = null
	ssl.trustmanager.algorithm = PKIX
	ssl.truststore.location = null
	ssl.truststore.password = null
	ssl.truststore.type = JKS

2024-10-12 11:11:43.704  INFO 2768 [nio-8080-exec-4] o.a.kafka.common.utils.AppInfoParser     : Kafka version: 2.6.0
2024-10-12 11:11:43.708  INFO 2768 [nio-8080-exec-4] o.a.kafka.common.utils.AppInfoParser     : Kafka commitId: 62abe01bee039651
2024-10-12 11:11:43.713  INFO 2768 [nio-8080-exec-4] o.a.kafka.common.utils.AppInfoParser     : Kafka startTimeMs: 1728702703704
2024-10-12 11:11:48.731  INFO 2768 [| adminclient-2] o.a.k.c.a.i.AdminMetadataManager         : [AdminClient clientId=adminclient-2] Metadata update failed

org.apache.kafka.common.errors.TimeoutException: Call(callName=fetchMetadata, deadlineMs=1728702708724, tries=1, nextAllowedTryMs=-9223372036854775709) timed out at 9223372036854775807 after 1 attempt(s)
Caused by: org.apache.kafka.common.errors.TimeoutException: Timed out waiting to send the call.

2024-10-12 11:12:34.190  INFO 2768 [nio-8080-exec-5] o.a.k.clients.admin.AdminClientConfig    : AdminClientConfig values: 
	bootstrap.servers = [192.168.0.171:19092]
	client.dns.lookup = use_all_dns_ips
	client.id = 
	connections.max.idle.ms = 300000
	default.api.timeout.ms = 60000
	metadata.max.age.ms = 300000
	metric.reporters = []
	metrics.num.samples = 2
	metrics.recording.level = INFO
	metrics.sample.window.ms = 30000
	receive.buffer.bytes = 65536
	reconnect.backoff.max.ms = 1000
	reconnect.backoff.ms = 50
	request.timeout.ms = 5000
	retries = 2147483647
	retry.backoff.ms = 100
	sasl.client.callback.handler.class = null
	sasl.jaas.config = null
	sasl.kerberos.kinit.cmd = /usr/bin/kinit
	sasl.kerberos.min.time.before.relogin = 60000
	sasl.kerberos.service.name = null
	sasl.kerberos.ticket.renew.jitter = 0.05
	sasl.kerberos.ticket.renew.window.factor = 0.8
	sasl.login.callback.handler.class = null
	sasl.login.class = null
	sasl.login.refresh.buffer.seconds = 300
	sasl.login.refresh.min.period.seconds = 60
	sasl.login.refresh.window.factor = 0.8
	sasl.login.refresh.window.jitter = 0.05
	sasl.mechanism = GSSAPI
	security.protocol = PLAINTEXT
	security.providers = null
	send.buffer.bytes = 131072
	ssl.cipher.suites = null
	ssl.enabled.protocols = [TLSv1.2]
	ssl.endpoint.identification.algorithm = https
	ssl.engine.factory.class = null
	ssl.key.password = null
	ssl.keymanager.algorithm = SunX509
	ssl.keystore.location = null
	ssl.keystore.password = null
	ssl.keystore.type = JKS
	ssl.protocol = TLSv1.2
	ssl.provider = null
	ssl.secure.random.implementation = null
	ssl.trustmanager.algorithm = PKIX
	ssl.truststore.location = null
	ssl.truststore.password = null
	ssl.truststore.type = JKS

2024-10-12 11:12:34.193  INFO 2768 [nio-8080-exec-5] o.a.kafka.common.utils.AppInfoParser     : Kafka version: 2.6.0
2024-10-12 11:12:34.194  INFO 2768 [nio-8080-exec-5] o.a.kafka.common.utils.AppInfoParser     : Kafka commitId: 62abe01bee039651
2024-10-12 11:12:34.194  INFO 2768 [nio-8080-exec-5] o.a.kafka.common.utils.AppInfoParser     : Kafka startTimeMs: 1728702754193
2024-10-12 11:15:31.572  INFO 17488 [           main] cn.net.explorer.ExplorerApplication      : Starting ExplorerApplication using Java 1.8.0_121 on root with PID 17488 (E:\workspace\offset-explorer\target\classes started by 14867 in E:\workspace\offset-explorer)
2024-10-12 11:15:31.576  INFO 17488 [           main] cn.net.explorer.ExplorerApplication      : No active profile set, falling back to 1 default profile: "default"
2024-10-12 11:15:34.281  INFO 17488 [           main] o.s.b.w.embedded.tomcat.TomcatWebServer  : Tomcat initialized with port(s): 8080 (http)
2024-10-12 11:15:34.298  INFO 17488 [           main] o.apache.catalina.core.StandardService   : Starting service [Tomcat]
2024-10-12 11:15:34.299  INFO 17488 [           main] org.apache.catalina.core.StandardEngine  : Starting Servlet engine: [Apache Tomcat/9.0.71]
2024-10-12 11:15:34.593  INFO 17488 [           main] o.a.c.c.C.[Tomcat].[localhost].[/]       : Initializing Spring embedded WebApplicationContext
2024-10-12 11:15:34.598  INFO 17488 [           main] w.s.c.ServletWebServerApplicationContext : Root WebApplicationContext: initialization completed in 2921 ms
2024-10-12 11:15:35.229  INFO 17488 [           main] c.a.d.s.b.a.DruidDataSourceAutoConfigure : Init DruidDataSource
2024-10-12 11:15:35.641  INFO 17488 [           main] com.alibaba.druid.pool.DruidDataSource   : {dataSource-1} inited
2024-10-12 11:15:37.926  INFO 17488 [           main] o.s.b.w.embedded.tomcat.TomcatWebServer  : Tomcat started on port(s): 8080 (http) with context path ''
2024-10-12 11:15:37.947  INFO 17488 [           main] cn.net.explorer.ExplorerApplication      : Started ExplorerApplication in 7.652 seconds (JVM running for 9.387)
2024-10-12 11:15:47.567  INFO 17488 [nio-8080-exec-5] o.a.c.c.C.[Tomcat].[localhost].[/]       : Initializing Spring DispatcherServlet 'dispatcherServlet'
2024-10-12 11:15:47.567  INFO 17488 [nio-8080-exec-5] o.s.web.servlet.DispatcherServlet        : Initializing Servlet 'dispatcherServlet'
2024-10-12 11:15:47.568  INFO 17488 [nio-8080-exec-5] o.s.web.servlet.DispatcherServlet        : Completed initialization in 1 ms
2024-10-12 11:15:50.073  INFO 17488 [nio-8080-exec-5] o.a.k.clients.admin.AdminClientConfig    : AdminClientConfig values: 
	bootstrap.servers = [192.168.0.171:19092]
	client.dns.lookup = use_all_dns_ips
	client.id = 
	connections.max.idle.ms = 300000
	default.api.timeout.ms = 60000
	metadata.max.age.ms = 300000
	metric.reporters = []
	metrics.num.samples = 2
	metrics.recording.level = INFO
	metrics.sample.window.ms = 30000
	receive.buffer.bytes = 65536
	reconnect.backoff.max.ms = 1000
	reconnect.backoff.ms = 50
	request.timeout.ms = 5000
	retries = 2147483647
	retry.backoff.ms = 100
	sasl.client.callback.handler.class = null
	sasl.jaas.config = null
	sasl.kerberos.kinit.cmd = /usr/bin/kinit
	sasl.kerberos.min.time.before.relogin = 60000
	sasl.kerberos.service.name = null
	sasl.kerberos.ticket.renew.jitter = 0.05
	sasl.kerberos.ticket.renew.window.factor = 0.8
	sasl.login.callback.handler.class = null
	sasl.login.class = null
	sasl.login.refresh.buffer.seconds = 300
	sasl.login.refresh.min.period.seconds = 60
	sasl.login.refresh.window.factor = 0.8
	sasl.login.refresh.window.jitter = 0.05
	sasl.mechanism = GSSAPI
	security.protocol = PLAINTEXT
	security.providers = null
	send.buffer.bytes = 131072
	ssl.cipher.suites = null
	ssl.enabled.protocols = [TLSv1.2]
	ssl.endpoint.identification.algorithm = https
	ssl.engine.factory.class = null
	ssl.key.password = null
	ssl.keymanager.algorithm = SunX509
	ssl.keystore.location = null
	ssl.keystore.password = null
	ssl.keystore.type = JKS
	ssl.protocol = TLSv1.2
	ssl.provider = null
	ssl.secure.random.implementation = null
	ssl.trustmanager.algorithm = PKIX
	ssl.truststore.location = null
	ssl.truststore.password = null
	ssl.truststore.type = JKS

2024-10-12 11:15:50.101  INFO 17488 [nio-8080-exec-5] o.a.kafka.common.utils.AppInfoParser     : Kafka version: 2.6.0
2024-10-12 11:15:50.102  INFO 17488 [nio-8080-exec-5] o.a.kafka.common.utils.AppInfoParser     : Kafka commitId: 62abe01bee039651
2024-10-12 11:15:50.102  INFO 17488 [nio-8080-exec-5] o.a.kafka.common.utils.AppInfoParser     : Kafka startTimeMs: 1728702950099
2024-10-12 11:15:55.121  INFO 17488 [| adminclient-1] o.a.k.c.a.i.AdminMetadataManager         : [AdminClient clientId=adminclient-1] Metadata update failed

org.apache.kafka.common.errors.TimeoutException: Call(callName=fetchMetadata, deadlineMs=1728702955103, tries=1, nextAllowedTryMs=1728702955217) timed out at 1728702955117 after 1 attempt(s)
Caused by: org.apache.kafka.common.errors.TimeoutException: Timed out waiting to send the call.

2024-10-12 11:16:00.127  INFO 17488 [| adminclient-1] o.a.k.c.a.i.AdminMetadataManager         : [AdminClient clientId=adminclient-1] Metadata update failed

org.apache.kafka.common.errors.TimeoutException: Call(callName=fetchMetadata, deadlineMs=1728702960117, tries=1, nextAllowedTryMs=1728702960227) timed out at 1728702960127 after 1 attempt(s)
Caused by: org.apache.kafka.common.errors.TimeoutException: Timed out waiting to send the call.

2024-10-12 11:16:05.133  INFO 17488 [| adminclient-1] o.a.k.c.a.i.AdminMetadataManager         : [AdminClient clientId=adminclient-1] Metadata update failed

org.apache.kafka.common.errors.TimeoutException: Call(callName=fetchMetadata, deadlineMs=1728702965127, tries=1, nextAllowedTryMs=1728702965233) timed out at 1728702965133 after 1 attempt(s)
Caused by: org.apache.kafka.common.errors.TimeoutException: Timed out waiting to send the call.

2024-10-12 11:16:10.138  INFO 17488 [| adminclient-1] o.a.k.c.a.i.AdminMetadataManager         : [AdminClient clientId=adminclient-1] Metadata update failed

org.apache.kafka.common.errors.TimeoutException: Call(callName=fetchMetadata, deadlineMs=1728702970133, tries=1, nextAllowedTryMs=1728702970238) timed out at 1728702970138 after 1 attempt(s)
Caused by: org.apache.kafka.common.errors.TimeoutException: Timed out waiting to send the call.

2024-10-12 11:16:15.152  INFO 17488 [| adminclient-1] o.a.k.c.a.i.AdminMetadataManager         : [AdminClient clientId=adminclient-1] Metadata update failed

org.apache.kafka.common.errors.TimeoutException: Call(callName=fetchMetadata, deadlineMs=1728702975138, tries=1, nextAllowedTryMs=1728702975252) timed out at 1728702975152 after 1 attempt(s)
Caused by: org.apache.kafka.common.errors.TimeoutException: Timed out waiting to send the call.

2024-10-12 11:16:20.155  INFO 17488 [| adminclient-1] o.a.k.c.a.i.AdminMetadataManager         : [AdminClient clientId=adminclient-1] Metadata update failed

org.apache.kafka.common.errors.TimeoutException: Call(callName=fetchMetadata, deadlineMs=1728702980152, tries=1, nextAllowedTryMs=1728702980255) timed out at 1728702980155 after 1 attempt(s)
Caused by: org.apache.kafka.common.errors.TimeoutException: Timed out waiting to send the call.

2024-10-12 11:16:25.161  INFO 17488 [| adminclient-1] o.a.k.c.a.i.AdminMetadataManager         : [AdminClient clientId=adminclient-1] Metadata update failed

org.apache.kafka.common.errors.TimeoutException: Call(callName=fetchMetadata, deadlineMs=1728702985155, tries=1, nextAllowedTryMs=1728702985261) timed out at 1728702985161 after 1 attempt(s)
Caused by: org.apache.kafka.common.errors.TimeoutException: Timed out waiting to send the call.

2024-10-12 11:16:30.164  INFO 17488 [| adminclient-1] o.a.k.c.a.i.AdminMetadataManager         : [AdminClient clientId=adminclient-1] Metadata update failed

org.apache.kafka.common.errors.TimeoutException: Call(callName=fetchMetadata, deadlineMs=1728702990161, tries=1, nextAllowedTryMs=1728702990264) timed out at 1728702990164 after 1 attempt(s)
Caused by: org.apache.kafka.common.errors.TimeoutException: Timed out waiting to send the call.

2024-10-12 11:16:35.165  INFO 17488 [| adminclient-1] o.a.k.c.a.i.AdminMetadataManager         : [AdminClient clientId=adminclient-1] Metadata update failed

org.apache.kafka.common.errors.TimeoutException: Call(callName=fetchMetadata, deadlineMs=1728702995164, tries=1, nextAllowedTryMs=1728702995265) timed out at 1728702995165 after 1 attempt(s)
Caused by: org.apache.kafka.common.errors.TimeoutException: Timed out waiting to send the call.

2024-10-12 11:16:45.946  INFO 24660 [           main] cn.net.explorer.ExplorerApplication      : Starting ExplorerApplication using Java 1.8.0_121 on root with PID 24660 (E:\workspace\offset-explorer\target\classes started by 14867 in E:\workspace\offset-explorer)
2024-10-12 11:16:45.949  INFO 24660 [           main] cn.net.explorer.ExplorerApplication      : No active profile set, falling back to 1 default profile: "default"
2024-10-12 11:16:47.131  INFO 24660 [           main] o.s.b.w.embedded.tomcat.TomcatWebServer  : Tomcat initialized with port(s): 8080 (http)
2024-10-12 11:16:47.139  INFO 24660 [           main] o.apache.catalina.core.StandardService   : Starting service [Tomcat]
2024-10-12 11:16:47.140  INFO 24660 [           main] org.apache.catalina.core.StandardEngine  : Starting Servlet engine: [Apache Tomcat/9.0.71]
2024-10-12 11:16:47.245  INFO 24660 [           main] o.a.c.c.C.[Tomcat].[localhost].[/]       : Initializing Spring embedded WebApplicationContext
2024-10-12 11:16:47.246  INFO 24660 [           main] w.s.c.ServletWebServerApplicationContext : Root WebApplicationContext: initialization completed in 1236 ms
2024-10-12 11:16:47.410  INFO 24660 [           main] c.a.d.s.b.a.DruidDataSourceAutoConfigure : Init DruidDataSource
2024-10-12 11:16:47.612  INFO 24660 [           main] com.alibaba.druid.pool.DruidDataSource   : {dataSource-1} inited
2024-10-12 11:16:48.577  INFO 24660 [           main] o.s.b.w.embedded.tomcat.TomcatWebServer  : Tomcat started on port(s): 8080 (http) with context path ''
2024-10-12 11:16:48.588  INFO 24660 [           main] cn.net.explorer.ExplorerApplication      : Started ExplorerApplication in 3.236 seconds (JVM running for 4.268)
2024-10-12 11:17:09.693  INFO 24660 [nio-8080-exec-2] o.a.c.c.C.[Tomcat].[localhost].[/]       : Initializing Spring DispatcherServlet 'dispatcherServlet'
2024-10-12 11:17:09.694  INFO 24660 [nio-8080-exec-2] o.s.web.servlet.DispatcherServlet        : Initializing Servlet 'dispatcherServlet'
2024-10-12 11:17:09.694  INFO 24660 [nio-8080-exec-2] o.s.web.servlet.DispatcherServlet        : Completed initialization in 0 ms
2024-10-12 11:17:13.310  INFO 24660 [nio-8080-exec-2] o.a.k.clients.admin.AdminClientConfig    : AdminClientConfig values: 
	bootstrap.servers = [192.168.0.171:19092]
	client.dns.lookup = use_all_dns_ips
	client.id = 
	connections.max.idle.ms = 300000
	default.api.timeout.ms = 60000
	metadata.max.age.ms = 300000
	metric.reporters = []
	metrics.num.samples = 2
	metrics.recording.level = INFO
	metrics.sample.window.ms = 30000
	receive.buffer.bytes = 65536
	reconnect.backoff.max.ms = 1000
	reconnect.backoff.ms = 50
	request.timeout.ms = 5000
	retries = 2147483647
	retry.backoff.ms = 100
	sasl.client.callback.handler.class = null
	sasl.jaas.config = null
	sasl.kerberos.kinit.cmd = /usr/bin/kinit
	sasl.kerberos.min.time.before.relogin = 60000
	sasl.kerberos.service.name = null
	sasl.kerberos.ticket.renew.jitter = 0.05
	sasl.kerberos.ticket.renew.window.factor = 0.8
	sasl.login.callback.handler.class = null
	sasl.login.class = null
	sasl.login.refresh.buffer.seconds = 300
	sasl.login.refresh.min.period.seconds = 60
	sasl.login.refresh.window.factor = 0.8
	sasl.login.refresh.window.jitter = 0.05
	sasl.mechanism = GSSAPI
	security.protocol = PLAINTEXT
	security.providers = null
	send.buffer.bytes = 131072
	ssl.cipher.suites = null
	ssl.enabled.protocols = [TLSv1.2]
	ssl.endpoint.identification.algorithm = https
	ssl.engine.factory.class = null
	ssl.key.password = null
	ssl.keymanager.algorithm = SunX509
	ssl.keystore.location = null
	ssl.keystore.password = null
	ssl.keystore.type = JKS
	ssl.protocol = TLSv1.2
	ssl.provider = null
	ssl.secure.random.implementation = null
	ssl.trustmanager.algorithm = PKIX
	ssl.truststore.location = null
	ssl.truststore.password = null
	ssl.truststore.type = JKS

2024-10-12 11:17:13.338  INFO 24660 [nio-8080-exec-2] o.a.kafka.common.utils.AppInfoParser     : Kafka version: 2.6.0
2024-10-12 11:17:13.339  INFO 24660 [nio-8080-exec-2] o.a.kafka.common.utils.AppInfoParser     : Kafka commitId: 62abe01bee039651
2024-10-12 11:17:13.339  INFO 24660 [nio-8080-exec-2] o.a.kafka.common.utils.AppInfoParser     : Kafka startTimeMs: 1728703033337
2024-10-12 11:17:35.549  INFO 24660 [| adminclient-1] o.a.k.c.a.i.AdminMetadataManager         : [AdminClient clientId=adminclient-1] Metadata update failed

org.apache.kafka.common.errors.TimeoutException: Call(callName=fetchMetadata, deadlineMs=1728703055533, tries=1, nextAllowedTryMs=1728703055646) timed out at 1728703055546 after 1 attempt(s)
Caused by: org.apache.kafka.common.errors.TimeoutException: Timed out waiting to send the call.

2024-10-12 11:17:40.559  INFO 24660 [| adminclient-1] o.a.k.c.a.i.AdminMetadataManager         : [AdminClient clientId=adminclient-1] Metadata update failed

org.apache.kafka.common.errors.TimeoutException: Call(callName=fetchMetadata, deadlineMs=1728703060546, tries=1, nextAllowedTryMs=1728703060659) timed out at 1728703060559 after 1 attempt(s)
Caused by: org.apache.kafka.common.errors.TimeoutException: Timed out waiting to send the call.

2024-10-12 11:17:45.564  INFO 24660 [| adminclient-1] o.a.k.c.a.i.AdminMetadataManager         : [AdminClient clientId=adminclient-1] Metadata update failed

org.apache.kafka.common.errors.TimeoutException: Call(callName=fetchMetadata, deadlineMs=1728703065559, tries=1, nextAllowedTryMs=1728703065664) timed out at 1728703065564 after 1 attempt(s)
Caused by: org.apache.kafka.common.errors.TimeoutException: Timed out waiting to send the call.

2024-10-12 11:17:50.571  INFO 24660 [| adminclient-1] o.a.k.c.a.i.AdminMetadataManager         : [AdminClient clientId=adminclient-1] Metadata update failed

org.apache.kafka.common.errors.TimeoutException: Call(callName=fetchMetadata, deadlineMs=1728703070564, tries=1, nextAllowedTryMs=1728703070671) timed out at 1728703070571 after 1 attempt(s)
Caused by: org.apache.kafka.common.errors.TimeoutException: Timed out waiting to send the call.

2024-10-12 11:17:55.581  INFO 24660 [| adminclient-1] o.a.k.c.a.i.AdminMetadataManager         : [AdminClient clientId=adminclient-1] Metadata update failed

org.apache.kafka.common.errors.TimeoutException: Call(callName=fetchMetadata, deadlineMs=1728703075571, tries=1, nextAllowedTryMs=1728703075681) timed out at 1728703075581 after 1 attempt(s)
Caused by: org.apache.kafka.common.errors.TimeoutException: Timed out waiting to send the call.

2024-10-12 11:18:00.583  INFO 24660 [| adminclient-1] o.a.k.c.a.i.AdminMetadataManager         : [AdminClient clientId=adminclient-1] Metadata update failed

org.apache.kafka.common.errors.TimeoutException: Call(callName=fetchMetadata, deadlineMs=1728703080581, tries=1, nextAllowedTryMs=1728703080683) timed out at 1728703080583 after 1 attempt(s)
Caused by: org.apache.kafka.common.errors.TimeoutException: Timed out waiting to send the call.

2024-10-12 11:18:05.596  INFO 24660 [| adminclient-1] o.a.k.c.a.i.AdminMetadataManager         : [AdminClient clientId=adminclient-1] Metadata update failed

org.apache.kafka.common.errors.TimeoutException: Call(callName=fetchMetadata, deadlineMs=1728703085583, tries=1, nextAllowedTryMs=1728703085696) timed out at 1728703085596 after 1 attempt(s)
Caused by: org.apache.kafka.common.errors.TimeoutException: Timed out waiting to send the call.

2024-10-12 11:18:10.597  INFO 24660 [| adminclient-1] o.a.k.c.a.i.AdminMetadataManager         : [AdminClient clientId=adminclient-1] Metadata update failed

org.apache.kafka.common.errors.TimeoutException: Call(callName=fetchMetadata, deadlineMs=1728703090596, tries=1, nextAllowedTryMs=1728703090697) timed out at 1728703090597 after 1 attempt(s)
Caused by: org.apache.kafka.common.errors.TimeoutException: Timed out waiting to send the call.

2024-10-12 11:18:15.612  INFO 24660 [| adminclient-1] o.a.k.c.a.i.AdminMetadataManager         : [AdminClient clientId=adminclient-1] Metadata update failed

org.apache.kafka.common.errors.TimeoutException: Call(callName=fetchMetadata, deadlineMs=1728703095597, tries=1, nextAllowedTryMs=1728703095712) timed out at 1728703095612 after 1 attempt(s)
Caused by: org.apache.kafka.common.errors.TimeoutException: Timed out waiting to send the call.

2024-10-12 11:18:20.619  INFO 24660 [| adminclient-1] o.a.k.c.a.i.AdminMetadataManager         : [AdminClient clientId=adminclient-1] Metadata update failed

org.apache.kafka.common.errors.TimeoutException: Call(callName=fetchMetadata, deadlineMs=1728703100612, tries=1, nextAllowedTryMs=1728703100719) timed out at 1728703100619 after 1 attempt(s)
Caused by: org.apache.kafka.common.errors.TimeoutException: Timed out waiting to send the call.

2024-10-12 11:18:29.519  INFO 25004 [           main] cn.net.explorer.ExplorerApplication      : Starting ExplorerApplication using Java 1.8.0_121 on root with PID 25004 (E:\workspace\offset-explorer\target\classes started by 14867 in E:\workspace\offset-explorer)
2024-10-12 11:18:29.524  INFO 25004 [           main] cn.net.explorer.ExplorerApplication      : No active profile set, falling back to 1 default profile: "default"
2024-10-12 11:18:30.354  INFO 25004 [           main] o.s.b.w.embedded.tomcat.TomcatWebServer  : Tomcat initialized with port(s): 8080 (http)
2024-10-12 11:18:30.360  INFO 25004 [           main] o.apache.catalina.core.StandardService   : Starting service [Tomcat]
2024-10-12 11:18:30.360  INFO 25004 [           main] org.apache.catalina.core.StandardEngine  : Starting Servlet engine: [Apache Tomcat/9.0.71]
2024-10-12 11:18:30.445  INFO 25004 [           main] o.a.c.c.C.[Tomcat].[localhost].[/]       : Initializing Spring embedded WebApplicationContext
2024-10-12 11:18:30.446  INFO 25004 [           main] w.s.c.ServletWebServerApplicationContext : Root WebApplicationContext: initialization completed in 870 ms
2024-10-12 11:18:30.603  INFO 25004 [           main] c.a.d.s.b.a.DruidDataSourceAutoConfigure : Init DruidDataSource
2024-10-12 11:18:30.786  INFO 25004 [           main] com.alibaba.druid.pool.DruidDataSource   : {dataSource-1} inited
2024-10-12 11:18:31.763  INFO 25004 [           main] o.s.b.w.embedded.tomcat.TomcatWebServer  : Tomcat started on port(s): 8080 (http) with context path ''
2024-10-12 11:18:31.773  INFO 25004 [           main] cn.net.explorer.ExplorerApplication      : Started ExplorerApplication in 2.72 seconds (JVM running for 3.728)
2024-10-12 11:18:36.496  INFO 25004 [nio-8080-exec-2] o.a.c.c.C.[Tomcat].[localhost].[/]       : Initializing Spring DispatcherServlet 'dispatcherServlet'
2024-10-12 11:18:36.496  INFO 25004 [nio-8080-exec-2] o.s.web.servlet.DispatcherServlet        : Initializing Servlet 'dispatcherServlet'
2024-10-12 11:18:36.497  INFO 25004 [nio-8080-exec-2] o.s.web.servlet.DispatcherServlet        : Completed initialization in 1 ms
2024-10-12 11:18:41.005  INFO 25004 [nio-8080-exec-2] o.a.k.clients.admin.AdminClientConfig    : AdminClientConfig values: 
	bootstrap.servers = [192.168.0.171:19092]
	client.dns.lookup = use_all_dns_ips
	client.id = 
	connections.max.idle.ms = 300000
	default.api.timeout.ms = 2000
	metadata.max.age.ms = 300000
	metric.reporters = []
	metrics.num.samples = 2
	metrics.recording.level = INFO
	metrics.sample.window.ms = 30000
	receive.buffer.bytes = 65536
	reconnect.backoff.max.ms = 1000
	reconnect.backoff.ms = 50
	request.timeout.ms = 5000
	retries = 2147483647
	retry.backoff.ms = 100
	sasl.client.callback.handler.class = null
	sasl.jaas.config = null
	sasl.kerberos.kinit.cmd = /usr/bin/kinit
	sasl.kerberos.min.time.before.relogin = 60000
	sasl.kerberos.service.name = null
	sasl.kerberos.ticket.renew.jitter = 0.05
	sasl.kerberos.ticket.renew.window.factor = 0.8
	sasl.login.callback.handler.class = null
	sasl.login.class = null
	sasl.login.refresh.buffer.seconds = 300
	sasl.login.refresh.min.period.seconds = 60
	sasl.login.refresh.window.factor = 0.8
	sasl.login.refresh.window.jitter = 0.05
	sasl.mechanism = GSSAPI
	security.protocol = PLAINTEXT
	security.providers = null
	send.buffer.bytes = 131072
	ssl.cipher.suites = null
	ssl.enabled.protocols = [TLSv1.2]
	ssl.endpoint.identification.algorithm = https
	ssl.engine.factory.class = null
	ssl.key.password = null
	ssl.keymanager.algorithm = SunX509
	ssl.keystore.location = null
	ssl.keystore.password = null
	ssl.keystore.type = JKS
	ssl.protocol = TLSv1.2
	ssl.provider = null
	ssl.secure.random.implementation = null
	ssl.trustmanager.algorithm = PKIX
	ssl.truststore.location = null
	ssl.truststore.password = null
	ssl.truststore.type = JKS

2024-10-12 11:19:08.459  INFO 10820 [           main] cn.net.explorer.ExplorerApplication      : Starting ExplorerApplication using Java 1.8.0_121 on root with PID 10820 (E:\workspace\offset-explorer\target\classes started by 14867 in E:\workspace\offset-explorer)
2024-10-12 11:19:08.463  INFO 10820 [           main] cn.net.explorer.ExplorerApplication      : No active profile set, falling back to 1 default profile: "default"
2024-10-12 11:19:09.349  INFO 10820 [           main] o.s.b.w.embedded.tomcat.TomcatWebServer  : Tomcat initialized with port(s): 8080 (http)
2024-10-12 11:19:09.356  INFO 10820 [           main] o.apache.catalina.core.StandardService   : Starting service [Tomcat]
2024-10-12 11:19:09.356  INFO 10820 [           main] org.apache.catalina.core.StandardEngine  : Starting Servlet engine: [Apache Tomcat/9.0.71]
2024-10-12 11:19:09.448  INFO 10820 [           main] o.a.c.c.C.[Tomcat].[localhost].[/]       : Initializing Spring embedded WebApplicationContext
2024-10-12 11:19:09.448  INFO 10820 [           main] w.s.c.ServletWebServerApplicationContext : Root WebApplicationContext: initialization completed in 932 ms
2024-10-12 11:19:09.621  INFO 10820 [           main] c.a.d.s.b.a.DruidDataSourceAutoConfigure : Init DruidDataSource
2024-10-12 11:19:09.810  INFO 10820 [           main] com.alibaba.druid.pool.DruidDataSource   : {dataSource-1} inited
2024-10-12 11:19:10.947  INFO 10820 [           main] o.s.b.w.embedded.tomcat.TomcatWebServer  : Tomcat started on port(s): 8080 (http) with context path ''
2024-10-12 11:19:10.957  INFO 10820 [           main] cn.net.explorer.ExplorerApplication      : Started ExplorerApplication in 3.099 seconds (JVM running for 4.394)
2024-10-12 11:19:15.961  INFO 10820 [nio-8080-exec-3] o.a.c.c.C.[Tomcat].[localhost].[/]       : Initializing Spring DispatcherServlet 'dispatcherServlet'
2024-10-12 11:19:15.961  INFO 10820 [nio-8080-exec-3] o.s.web.servlet.DispatcherServlet        : Initializing Servlet 'dispatcherServlet'
2024-10-12 11:19:15.962  INFO 10820 [nio-8080-exec-3] o.s.web.servlet.DispatcherServlet        : Completed initialization in 1 ms
2024-10-12 11:19:17.890  INFO 10820 [nio-8080-exec-3] o.a.k.clients.admin.AdminClientConfig    : AdminClientConfig values: 
	bootstrap.servers = [192.168.0.171:19092]
	client.dns.lookup = use_all_dns_ips
	client.id = 
	connections.max.idle.ms = 300000
	default.api.timeout.ms = 5000
	metadata.max.age.ms = 300000
	metric.reporters = []
	metrics.num.samples = 2
	metrics.recording.level = INFO
	metrics.sample.window.ms = 30000
	receive.buffer.bytes = 65536
	reconnect.backoff.max.ms = 1000
	reconnect.backoff.ms = 50
	request.timeout.ms = 5000
	retries = 2147483647
	retry.backoff.ms = 100
	sasl.client.callback.handler.class = null
	sasl.jaas.config = null
	sasl.kerberos.kinit.cmd = /usr/bin/kinit
	sasl.kerberos.min.time.before.relogin = 60000
	sasl.kerberos.service.name = null
	sasl.kerberos.ticket.renew.jitter = 0.05
	sasl.kerberos.ticket.renew.window.factor = 0.8
	sasl.login.callback.handler.class = null
	sasl.login.class = null
	sasl.login.refresh.buffer.seconds = 300
	sasl.login.refresh.min.period.seconds = 60
	sasl.login.refresh.window.factor = 0.8
	sasl.login.refresh.window.jitter = 0.05
	sasl.mechanism = GSSAPI
	security.protocol = PLAINTEXT
	security.providers = null
	send.buffer.bytes = 131072
	ssl.cipher.suites = null
	ssl.enabled.protocols = [TLSv1.2]
	ssl.endpoint.identification.algorithm = https
	ssl.engine.factory.class = null
	ssl.key.password = null
	ssl.keymanager.algorithm = SunX509
	ssl.keystore.location = null
	ssl.keystore.password = null
	ssl.keystore.type = JKS
	ssl.protocol = TLSv1.2
	ssl.provider = null
	ssl.secure.random.implementation = null
	ssl.trustmanager.algorithm = PKIX
	ssl.truststore.location = null
	ssl.truststore.password = null
	ssl.truststore.type = JKS

2024-10-12 11:19:17.922  INFO 10820 [nio-8080-exec-3] o.a.kafka.common.utils.AppInfoParser     : Kafka version: 2.6.0
2024-10-12 11:19:17.923  INFO 10820 [nio-8080-exec-3] o.a.kafka.common.utils.AppInfoParser     : Kafka commitId: 62abe01bee039651
2024-10-12 11:19:17.923  INFO 10820 [nio-8080-exec-3] o.a.kafka.common.utils.AppInfoParser     : Kafka startTimeMs: 1728703157921
2024-10-12 11:19:43.166  INFO 10820 [nio-8080-exec-3] o.a.k.clients.admin.AdminClientConfig    : AdminClientConfig values: 
	bootstrap.servers = [192.168.0.171:19092]
	client.dns.lookup = use_all_dns_ips
	client.id = 
	connections.max.idle.ms = 300000
	default.api.timeout.ms = 5000
	metadata.max.age.ms = 300000
	metric.reporters = []
	metrics.num.samples = 2
	metrics.recording.level = INFO
	metrics.sample.window.ms = 30000
	receive.buffer.bytes = 65536
	reconnect.backoff.max.ms = 1000
	reconnect.backoff.ms = 50
	request.timeout.ms = 5000
	retries = 2147483647
	retry.backoff.ms = 100
	sasl.client.callback.handler.class = null
	sasl.jaas.config = null
	sasl.kerberos.kinit.cmd = /usr/bin/kinit
	sasl.kerberos.min.time.before.relogin = 60000
	sasl.kerberos.service.name = null
	sasl.kerberos.ticket.renew.jitter = 0.05
	sasl.kerberos.ticket.renew.window.factor = 0.8
	sasl.login.callback.handler.class = null
	sasl.login.class = null
	sasl.login.refresh.buffer.seconds = 300
	sasl.login.refresh.min.period.seconds = 60
	sasl.login.refresh.window.factor = 0.8
	sasl.login.refresh.window.jitter = 0.05
	sasl.mechanism = GSSAPI
	security.protocol = PLAINTEXT
	security.providers = null
	send.buffer.bytes = 131072
	ssl.cipher.suites = null
	ssl.enabled.protocols = [TLSv1.2]
	ssl.endpoint.identification.algorithm = https
	ssl.engine.factory.class = null
	ssl.key.password = null
	ssl.keymanager.algorithm = SunX509
	ssl.keystore.location = null
	ssl.keystore.password = null
	ssl.keystore.type = JKS
	ssl.protocol = TLSv1.2
	ssl.provider = null
	ssl.secure.random.implementation = null
	ssl.trustmanager.algorithm = PKIX
	ssl.truststore.location = null
	ssl.truststore.password = null
	ssl.truststore.type = JKS

2024-10-12 11:19:43.168  INFO 10820 [| adminclient-1] o.a.k.c.a.i.AdminMetadataManager         : [AdminClient clientId=adminclient-1] Metadata update failed

org.apache.kafka.common.errors.TimeoutException: Call(callName=fetchMetadata, deadlineMs=1728703164558, tries=1, nextAllowedTryMs=1728703164673) timed out at 1728703164573 after 1 attempt(s)
Caused by: org.apache.kafka.common.errors.TimeoutException: Timed out waiting to send the call.

2024-10-12 11:19:43.171  INFO 10820 [nio-8080-exec-3] o.a.kafka.common.utils.AppInfoParser     : Kafka version: 2.6.0
2024-10-12 11:19:43.172  INFO 10820 [nio-8080-exec-3] o.a.kafka.common.utils.AppInfoParser     : Kafka commitId: 62abe01bee039651
2024-10-12 11:19:43.172  INFO 10820 [nio-8080-exec-3] o.a.kafka.common.utils.AppInfoParser     : Kafka startTimeMs: 1728703183171
2024-10-12 11:19:43.174  INFO 10820 [| adminclient-1] o.a.k.c.a.i.AdminMetadataManager         : [AdminClient clientId=adminclient-1] Metadata update failed

org.apache.kafka.common.errors.TimeoutException: Call(callName=fetchMetadata, deadlineMs=1728703169573, tries=1, nextAllowedTryMs=1728703183274) timed out at 1728703183174 after 1 attempt(s)
Caused by: org.apache.kafka.common.errors.TimeoutException: Timed out waiting for a node assignment.

2024-10-12 11:19:48.177  INFO 10820 [| adminclient-1] o.a.k.c.a.i.AdminMetadataManager         : [AdminClient clientId=adminclient-1] Metadata update failed

org.apache.kafka.common.errors.TimeoutException: Call(callName=fetchMetadata, deadlineMs=1728703188174, tries=1, nextAllowedTryMs=1728703188277) timed out at 1728703188177 after 1 attempt(s)
Caused by: org.apache.kafka.common.errors.TimeoutException: Timed out waiting to send the call.

2024-10-12 11:20:04.333  INFO 10820 [| adminclient-1] o.a.k.c.a.i.AdminMetadataManager         : [AdminClient clientId=adminclient-1] Metadata update failed

org.apache.kafka.common.errors.TimeoutException: Call(callName=fetchMetadata, deadlineMs=1728703193177, tries=1, nextAllowedTryMs=1728703204433) timed out at 1728703204333 after 1 attempt(s)
Caused by: org.apache.kafka.common.errors.TimeoutException: Timed out waiting for a node assignment.

2024-10-12 11:20:09.346  INFO 10820 [| adminclient-1] o.a.k.c.a.i.AdminMetadataManager         : [AdminClient clientId=adminclient-1] Metadata update failed

org.apache.kafka.common.errors.TimeoutException: Call(callName=fetchMetadata, deadlineMs=1728703209333, tries=1, nextAllowedTryMs=1728703209446) timed out at 1728703209346 after 1 attempt(s)
Caused by: org.apache.kafka.common.errors.TimeoutException: Timed out waiting to send the call.

2024-10-12 11:20:25.481  INFO 10820 [| adminclient-1] o.a.k.c.a.i.AdminMetadataManager         : [AdminClient clientId=adminclient-1] Metadata update failed

org.apache.kafka.common.errors.TimeoutException: Call(callName=fetchMetadata, deadlineMs=1728703214346, tries=1, nextAllowedTryMs=1728703225581) timed out at 1728703225481 after 1 attempt(s)
Caused by: org.apache.kafka.common.errors.TimeoutException: Timed out waiting for a node assignment.

2024-10-12 11:20:30.482  INFO 10820 [| adminclient-1] o.a.k.c.a.i.AdminMetadataManager         : [AdminClient clientId=adminclient-1] Metadata update failed

org.apache.kafka.common.errors.TimeoutException: Call(callName=fetchMetadata, deadlineMs=1728703230481, tries=1, nextAllowedTryMs=1728703230582) timed out at 1728703230482 after 1 attempt(s)
Caused by: org.apache.kafka.common.errors.TimeoutException: Timed out waiting to send the call.

2024-10-12 11:20:46.721  INFO 10820 [| adminclient-1] o.a.k.c.a.i.AdminMetadataManager         : [AdminClient clientId=adminclient-1] Metadata update failed

org.apache.kafka.common.errors.TimeoutException: Call(callName=fetchMetadata, deadlineMs=1728703235482, tries=1, nextAllowedTryMs=1728703246820) timed out at 1728703246720 after 1 attempt(s)
Caused by: org.apache.kafka.common.errors.TimeoutException: Timed out waiting for a node assignment.

2024-10-12 11:20:51.734  INFO 10820 [| adminclient-1] o.a.k.c.a.i.AdminMetadataManager         : [AdminClient clientId=adminclient-1] Metadata update failed

org.apache.kafka.common.errors.TimeoutException: Call(callName=fetchMetadata, deadlineMs=1728703251720, tries=1, nextAllowedTryMs=1728703251834) timed out at 1728703251734 after 1 attempt(s)
Caused by: org.apache.kafka.common.errors.TimeoutException: Timed out waiting to send the call.

2024-10-12 11:21:08.203  INFO 10820 [| adminclient-1] o.a.k.c.a.i.AdminMetadataManager         : [AdminClient clientId=adminclient-1] Metadata update failed

org.apache.kafka.common.errors.TimeoutException: Call(callName=fetchMetadata, deadlineMs=1728703256734, tries=1, nextAllowedTryMs=1728703268303) timed out at 1728703268203 after 1 attempt(s)
Caused by: org.apache.kafka.common.errors.TimeoutException: Timed out waiting for a node assignment.

2024-10-12 11:21:13.217  INFO 10820 [| adminclient-1] o.a.k.c.a.i.AdminMetadataManager         : [AdminClient clientId=adminclient-1] Metadata update failed

org.apache.kafka.common.errors.TimeoutException: Call(callName=fetchMetadata, deadlineMs=1728703273203, tries=1, nextAllowedTryMs=1728703273317) timed out at 1728703273217 after 1 attempt(s)
Caused by: org.apache.kafka.common.errors.TimeoutException: Timed out waiting to send the call.

2024-10-12 11:21:30.252  INFO 10820 [| adminclient-1] o.a.k.c.a.i.AdminMetadataManager         : [AdminClient clientId=adminclient-1] Metadata update failed

org.apache.kafka.common.errors.TimeoutException: Call(callName=fetchMetadata, deadlineMs=1728703278217, tries=1, nextAllowedTryMs=1728703290352) timed out at 1728703290252 after 1 attempt(s)
Caused by: org.apache.kafka.common.errors.TimeoutException: Timed out waiting for a node assignment.

2024-10-12 11:21:35.265  INFO 10820 [| adminclient-1] o.a.k.c.a.i.AdminMetadataManager         : [AdminClient clientId=adminclient-1] Metadata update failed

org.apache.kafka.common.errors.TimeoutException: Call(callName=fetchMetadata, deadlineMs=1728703295252, tries=1, nextAllowedTryMs=1728703295365) timed out at 1728703295265 after 1 attempt(s)
Caused by: org.apache.kafka.common.errors.TimeoutException: Timed out waiting to send the call.

2024-10-12 11:21:52.395  INFO 10820 [| adminclient-1] o.a.k.c.a.i.AdminMetadataManager         : [AdminClient clientId=adminclient-1] Metadata update failed

org.apache.kafka.common.errors.TimeoutException: Call(callName=fetchMetadata, deadlineMs=1728703300265, tries=1, nextAllowedTryMs=1728703312495) timed out at 1728703312395 after 1 attempt(s)
Caused by: org.apache.kafka.common.errors.TimeoutException: Timed out waiting for a node assignment.

2024-10-12 11:21:57.397  INFO 10820 [| adminclient-1] o.a.k.c.a.i.AdminMetadataManager         : [AdminClient clientId=adminclient-1] Metadata update failed

org.apache.kafka.common.errors.TimeoutException: Call(callName=fetchMetadata, deadlineMs=1728703317395, tries=1, nextAllowedTryMs=1728703317497) timed out at 1728703317397 after 1 attempt(s)
Caused by: org.apache.kafka.common.errors.TimeoutException: Timed out waiting to send the call.

2024-10-12 11:22:14.414  INFO 10820 [| adminclient-1] o.a.k.c.a.i.AdminMetadataManager         : [AdminClient clientId=adminclient-1] Metadata update failed

org.apache.kafka.common.errors.TimeoutException: Call(callName=fetchMetadata, deadlineMs=1728703322397, tries=1, nextAllowedTryMs=1728703334514) timed out at 1728703334414 after 1 attempt(s)
Caused by: org.apache.kafka.common.errors.TimeoutException: Timed out waiting for a node assignment.

2024-10-12 11:22:19.429  INFO 10820 [| adminclient-1] o.a.k.c.a.i.AdminMetadataManager         : [AdminClient clientId=adminclient-1] Metadata update failed

org.apache.kafka.common.errors.TimeoutException: Call(callName=fetchMetadata, deadlineMs=1728703339414, tries=1, nextAllowedTryMs=1728703339529) timed out at 1728703339429 after 1 attempt(s)
Caused by: org.apache.kafka.common.errors.TimeoutException: Timed out waiting to send the call.

2024-10-12 11:22:36.437  INFO 10820 [| adminclient-1] o.a.k.c.a.i.AdminMetadataManager         : [AdminClient clientId=adminclient-1] Metadata update failed

org.apache.kafka.common.errors.TimeoutException: Call(callName=fetchMetadata, deadlineMs=1728703344429, tries=1, nextAllowedTryMs=1728703356537) timed out at 1728703356437 after 1 attempt(s)
Caused by: org.apache.kafka.common.errors.TimeoutException: Timed out waiting for a node assignment.

2024-10-12 11:22:41.452  INFO 10820 [| adminclient-1] o.a.k.c.a.i.AdminMetadataManager         : [AdminClient clientId=adminclient-1] Metadata update failed

org.apache.kafka.common.errors.TimeoutException: Call(callName=fetchMetadata, deadlineMs=1728703361437, tries=1, nextAllowedTryMs=1728703361552) timed out at 1728703361452 after 1 attempt(s)
Caused by: org.apache.kafka.common.errors.TimeoutException: Timed out waiting to send the call.

2024-10-12 11:22:58.478  INFO 10820 [| adminclient-1] o.a.k.c.a.i.AdminMetadataManager         : [AdminClient clientId=adminclient-1] Metadata update failed

org.apache.kafka.common.errors.TimeoutException: Call(callName=fetchMetadata, deadlineMs=1728703366452, tries=1, nextAllowedTryMs=1728703378578) timed out at 1728703378478 after 1 attempt(s)
Caused by: org.apache.kafka.common.errors.TimeoutException: Timed out waiting for a node assignment.

2024-10-12 11:23:03.483  INFO 10820 [| adminclient-1] o.a.k.c.a.i.AdminMetadataManager         : [AdminClient clientId=adminclient-1] Metadata update failed

org.apache.kafka.common.errors.TimeoutException: Call(callName=fetchMetadata, deadlineMs=1728703383478, tries=1, nextAllowedTryMs=1728703383583) timed out at 1728703383483 after 1 attempt(s)
Caused by: org.apache.kafka.common.errors.TimeoutException: Timed out waiting to send the call.

2024-10-12 11:23:20.719  INFO 10820 [| adminclient-1] o.a.k.c.a.i.AdminMetadataManager         : [AdminClient clientId=adminclient-1] Metadata update failed

org.apache.kafka.common.errors.TimeoutException: Call(callName=fetchMetadata, deadlineMs=1728703388483, tries=1, nextAllowedTryMs=1728703400819) timed out at 1728703400719 after 1 attempt(s)
Caused by: org.apache.kafka.common.errors.TimeoutException: Timed out waiting for a node assignment.

2024-10-12 11:23:25.727  INFO 10820 [| adminclient-1] o.a.k.c.a.i.AdminMetadataManager         : [AdminClient clientId=adminclient-1] Metadata update failed

org.apache.kafka.common.errors.TimeoutException: Call(callName=fetchMetadata, deadlineMs=1728703405719, tries=1, nextAllowedTryMs=1728703405827) timed out at 1728703405727 after 1 attempt(s)
Caused by: org.apache.kafka.common.errors.TimeoutException: Timed out waiting to send the call.

2024-10-12 11:23:42.795  INFO 10820 [| adminclient-1] o.a.k.c.a.i.AdminMetadataManager         : [AdminClient clientId=adminclient-1] Metadata update failed

org.apache.kafka.common.errors.TimeoutException: Call(callName=fetchMetadata, deadlineMs=1728703410727, tries=1, nextAllowedTryMs=1728703422895) timed out at 1728703422795 after 1 attempt(s)
Caused by: org.apache.kafka.common.errors.TimeoutException: Timed out waiting for a node assignment.

2024-10-12 11:23:47.810  INFO 10820 [| adminclient-1] o.a.k.c.a.i.AdminMetadataManager         : [AdminClient clientId=adminclient-1] Metadata update failed

org.apache.kafka.common.errors.TimeoutException: Call(callName=fetchMetadata, deadlineMs=1728703427795, tries=1, nextAllowedTryMs=1728703427910) timed out at 1728703427810 after 1 attempt(s)
Caused by: org.apache.kafka.common.errors.TimeoutException: Timed out waiting to send the call.

2024-10-12 11:24:04.817  INFO 10820 [| adminclient-1] o.a.k.c.a.i.AdminMetadataManager         : [AdminClient clientId=adminclient-1] Metadata update failed

org.apache.kafka.common.errors.TimeoutException: Call(callName=fetchMetadata, deadlineMs=1728703432810, tries=1, nextAllowedTryMs=1728703444917) timed out at 1728703444817 after 1 attempt(s)
Caused by: org.apache.kafka.common.errors.TimeoutException: Timed out waiting for a node assignment.

2024-10-12 11:24:09.826  INFO 10820 [| adminclient-1] o.a.k.c.a.i.AdminMetadataManager         : [AdminClient clientId=adminclient-1] Metadata update failed

org.apache.kafka.common.errors.TimeoutException: Call(callName=fetchMetadata, deadlineMs=1728703449817, tries=1, nextAllowedTryMs=1728703449926) timed out at 1728703449826 after 1 attempt(s)
Caused by: org.apache.kafka.common.errors.TimeoutException: Timed out waiting to send the call.

2024-10-12 11:24:27.132  INFO 10820 [| adminclient-1] o.a.k.c.a.i.AdminMetadataManager         : [AdminClient clientId=adminclient-1] Metadata update failed

org.apache.kafka.common.errors.TimeoutException: Call(callName=fetchMetadata, deadlineMs=1728703454826, tries=1, nextAllowedTryMs=1728703467232) timed out at 1728703467132 after 1 attempt(s)
Caused by: org.apache.kafka.common.errors.TimeoutException: Timed out waiting for a node assignment.

2024-10-12 11:24:32.146  INFO 10820 [| adminclient-1] o.a.k.c.a.i.AdminMetadataManager         : [AdminClient clientId=adminclient-1] Metadata update failed

org.apache.kafka.common.errors.TimeoutException: Call(callName=fetchMetadata, deadlineMs=1728703472132, tries=1, nextAllowedTryMs=1728703472246) timed out at 1728703472146 after 1 attempt(s)
Caused by: org.apache.kafka.common.errors.TimeoutException: Timed out waiting to send the call.

2024-10-12 11:24:49.266  INFO 10820 [| adminclient-1] o.a.k.c.a.i.AdminMetadataManager         : [AdminClient clientId=adminclient-1] Metadata update failed

org.apache.kafka.common.errors.TimeoutException: Call(callName=fetchMetadata, deadlineMs=1728703477146, tries=1, nextAllowedTryMs=1728703489366) timed out at 1728703489266 after 1 attempt(s)
Caused by: org.apache.kafka.common.errors.TimeoutException: Timed out waiting for a node assignment.

2024-10-12 11:24:54.277  INFO 10820 [| adminclient-1] o.a.k.c.a.i.AdminMetadataManager         : [AdminClient clientId=adminclient-1] Metadata update failed

org.apache.kafka.common.errors.TimeoutException: Call(callName=fetchMetadata, deadlineMs=1728703494266, tries=1, nextAllowedTryMs=1728703494377) timed out at 1728703494277 after 1 attempt(s)
Caused by: org.apache.kafka.common.errors.TimeoutException: Timed out waiting to send the call.

2024-10-12 11:25:11.185  INFO 10820 [| adminclient-1] o.a.k.c.a.i.AdminMetadataManager         : [AdminClient clientId=adminclient-1] Metadata update failed

org.apache.kafka.common.errors.TimeoutException: Call(callName=fetchMetadata, deadlineMs=1728703499277, tries=1, nextAllowedTryMs=1728703511285) timed out at 1728703511185 after 1 attempt(s)
Caused by: org.apache.kafka.common.errors.TimeoutException: Timed out waiting for a node assignment.

2024-10-12 11:25:16.195  INFO 10820 [| adminclient-1] o.a.k.c.a.i.AdminMetadataManager         : [AdminClient clientId=adminclient-1] Metadata update failed

org.apache.kafka.common.errors.TimeoutException: Call(callName=fetchMetadata, deadlineMs=1728703516185, tries=1, nextAllowedTryMs=1728703516295) timed out at 1728703516195 after 1 attempt(s)
Caused by: org.apache.kafka.common.errors.TimeoutException: Timed out waiting to send the call.

2024-10-12 11:25:33.321  INFO 10820 [| adminclient-1] o.a.k.c.a.i.AdminMetadataManager         : [AdminClient clientId=adminclient-1] Metadata update failed

org.apache.kafka.common.errors.TimeoutException: Call(callName=fetchMetadata, deadlineMs=1728703521195, tries=1, nextAllowedTryMs=1728703533421) timed out at 1728703533321 after 1 attempt(s)
Caused by: org.apache.kafka.common.errors.TimeoutException: Timed out waiting for a node assignment.

2024-10-12 11:25:38.322  INFO 10820 [| adminclient-1] o.a.k.c.a.i.AdminMetadataManager         : [AdminClient clientId=adminclient-1] Metadata update failed

org.apache.kafka.common.errors.TimeoutException: Call(callName=fetchMetadata, deadlineMs=1728703538321, tries=1, nextAllowedTryMs=1728703538422) timed out at 1728703538322 after 1 attempt(s)
Caused by: org.apache.kafka.common.errors.TimeoutException: Timed out waiting to send the call.

2024-10-12 11:25:55.468  INFO 10820 [| adminclient-1] o.a.k.c.a.i.AdminMetadataManager         : [AdminClient clientId=adminclient-1] Metadata update failed

org.apache.kafka.common.errors.TimeoutException: Call(callName=fetchMetadata, deadlineMs=1728703543322, tries=1, nextAllowedTryMs=1728703555568) timed out at 1728703555468 after 1 attempt(s)
Caused by: org.apache.kafka.common.errors.TimeoutException: Timed out waiting for a node assignment.

2024-10-12 11:26:00.482  INFO 10820 [| adminclient-1] o.a.k.c.a.i.AdminMetadataManager         : [AdminClient clientId=adminclient-1] Metadata update failed

org.apache.kafka.common.errors.TimeoutException: Call(callName=fetchMetadata, deadlineMs=1728703560468, tries=1, nextAllowedTryMs=1728703560582) timed out at 1728703560482 after 1 attempt(s)
Caused by: org.apache.kafka.common.errors.TimeoutException: Timed out waiting to send the call.

2024-10-12 11:26:17.385  INFO 10820 [| adminclient-1] o.a.k.c.a.i.AdminMetadataManager         : [AdminClient clientId=adminclient-1] Metadata update failed

org.apache.kafka.common.errors.TimeoutException: Call(callName=fetchMetadata, deadlineMs=1728703565482, tries=1, nextAllowedTryMs=1728703577485) timed out at 1728703577385 after 1 attempt(s)
Caused by: org.apache.kafka.common.errors.TimeoutException: Timed out waiting for a node assignment.

2024-10-12 11:26:22.395  INFO 10820 [| adminclient-1] o.a.k.c.a.i.AdminMetadataManager         : [AdminClient clientId=adminclient-1] Metadata update failed

org.apache.kafka.common.errors.TimeoutException: Call(callName=fetchMetadata, deadlineMs=1728703582385, tries=1, nextAllowedTryMs=1728703582495) timed out at 1728703582395 after 1 attempt(s)
Caused by: org.apache.kafka.common.errors.TimeoutException: Timed out waiting to send the call.

2024-10-12 11:26:39.411  INFO 10820 [| adminclient-1] o.a.k.c.a.i.AdminMetadataManager         : [AdminClient clientId=adminclient-1] Metadata update failed

org.apache.kafka.common.errors.TimeoutException: Call(callName=fetchMetadata, deadlineMs=1728703587395, tries=1, nextAllowedTryMs=1728703599511) timed out at 1728703599411 after 1 attempt(s)
Caused by: org.apache.kafka.common.errors.TimeoutException: Timed out waiting for a node assignment.

2024-10-12 11:26:44.419  INFO 10820 [| adminclient-1] o.a.k.c.a.i.AdminMetadataManager         : [AdminClient clientId=adminclient-1] Metadata update failed

org.apache.kafka.common.errors.TimeoutException: Call(callName=fetchMetadata, deadlineMs=1728703604411, tries=1, nextAllowedTryMs=1728703604519) timed out at 1728703604419 after 1 attempt(s)
Caused by: org.apache.kafka.common.errors.TimeoutException: Timed out waiting to send the call.

2024-10-12 11:27:01.663  INFO 10820 [| adminclient-1] o.a.k.c.a.i.AdminMetadataManager         : [AdminClient clientId=adminclient-1] Metadata update failed

org.apache.kafka.common.errors.TimeoutException: Call(callName=fetchMetadata, deadlineMs=1728703609419, tries=1, nextAllowedTryMs=1728703621762) timed out at 1728703621662 after 1 attempt(s)
Caused by: org.apache.kafka.common.errors.TimeoutException: Timed out waiting for a node assignment.

2024-10-12 11:27:06.667  INFO 10820 [| adminclient-1] o.a.k.c.a.i.AdminMetadataManager         : [AdminClient clientId=adminclient-1] Metadata update failed

org.apache.kafka.common.errors.TimeoutException: Call(callName=fetchMetadata, deadlineMs=1728703626662, tries=1, nextAllowedTryMs=1728703626767) timed out at 1728703626667 after 1 attempt(s)
Caused by: org.apache.kafka.common.errors.TimeoutException: Timed out waiting to send the call.

2024-10-12 11:27:23.790  INFO 10820 [| adminclient-1] o.a.k.c.a.i.AdminMetadataManager         : [AdminClient clientId=adminclient-1] Metadata update failed

org.apache.kafka.common.errors.TimeoutException: Call(callName=fetchMetadata, deadlineMs=1728703631667, tries=1, nextAllowedTryMs=1728703643890) timed out at 1728703643790 after 1 attempt(s)
Caused by: org.apache.kafka.common.errors.TimeoutException: Timed out waiting for a node assignment.

2024-10-12 11:27:28.803  INFO 10820 [| adminclient-1] o.a.k.c.a.i.AdminMetadataManager         : [AdminClient clientId=adminclient-1] Metadata update failed

org.apache.kafka.common.errors.TimeoutException: Call(callName=fetchMetadata, deadlineMs=1728703648790, tries=1, nextAllowedTryMs=1728703648903) timed out at 1728703648803 after 1 attempt(s)
Caused by: org.apache.kafka.common.errors.TimeoutException: Timed out waiting to send the call.

2024-10-12 11:27:45.706  INFO 10820 [| adminclient-1] o.a.k.c.a.i.AdminMetadataManager         : [AdminClient clientId=adminclient-1] Metadata update failed

org.apache.kafka.common.errors.TimeoutException: Call(callName=fetchMetadata, deadlineMs=1728703653803, tries=1, nextAllowedTryMs=1728703665806) timed out at 1728703665706 after 1 attempt(s)
Caused by: org.apache.kafka.common.errors.TimeoutException: Timed out waiting for a node assignment.

2024-10-12 11:27:50.714  INFO 10820 [| adminclient-1] o.a.k.c.a.i.AdminMetadataManager         : [AdminClient clientId=adminclient-1] Metadata update failed

org.apache.kafka.common.errors.TimeoutException: Call(callName=fetchMetadata, deadlineMs=1728703670706, tries=1, nextAllowedTryMs=1728703670814) timed out at 1728703670714 after 1 attempt(s)
Caused by: org.apache.kafka.common.errors.TimeoutException: Timed out waiting to send the call.

2024-10-12 11:28:07.724  INFO 10820 [| adminclient-1] o.a.k.c.a.i.AdminMetadataManager         : [AdminClient clientId=adminclient-1] Metadata update failed

org.apache.kafka.common.errors.TimeoutException: Call(callName=fetchMetadata, deadlineMs=1728703675714, tries=1, nextAllowedTryMs=1728703687824) timed out at 1728703687724 after 1 attempt(s)
Caused by: org.apache.kafka.common.errors.TimeoutException: Timed out waiting for a node assignment.

2024-10-12 11:28:12.731  INFO 10820 [| adminclient-1] o.a.k.c.a.i.AdminMetadataManager         : [AdminClient clientId=adminclient-1] Metadata update failed

org.apache.kafka.common.errors.TimeoutException: Call(callName=fetchMetadata, deadlineMs=1728703692724, tries=1, nextAllowedTryMs=1728703692831) timed out at 1728703692731 after 1 attempt(s)
Caused by: org.apache.kafka.common.errors.TimeoutException: Timed out waiting to send the call.

2024-10-12 11:28:29.951  INFO 10820 [| adminclient-1] o.a.k.c.a.i.AdminMetadataManager         : [AdminClient clientId=adminclient-1] Metadata update failed

org.apache.kafka.common.errors.TimeoutException: Call(callName=fetchMetadata, deadlineMs=1728703697731, tries=1, nextAllowedTryMs=1728703710051) timed out at 1728703709951 after 1 attempt(s)
Caused by: org.apache.kafka.common.errors.TimeoutException: Timed out waiting for a node assignment.

2024-10-12 11:28:34.957  INFO 10820 [| adminclient-1] o.a.k.c.a.i.AdminMetadataManager         : [AdminClient clientId=adminclient-1] Metadata update failed

org.apache.kafka.common.errors.TimeoutException: Call(callName=fetchMetadata, deadlineMs=1728703714951, tries=1, nextAllowedTryMs=1728703715057) timed out at 1728703714957 after 1 attempt(s)
Caused by: org.apache.kafka.common.errors.TimeoutException: Timed out waiting to send the call.

2024-10-12 11:28:52.224  INFO 10820 [| adminclient-1] o.a.k.c.a.i.AdminMetadataManager         : [AdminClient clientId=adminclient-1] Metadata update failed

org.apache.kafka.common.errors.TimeoutException: Call(callName=fetchMetadata, deadlineMs=1728703719957, tries=1, nextAllowedTryMs=1728703732324) timed out at 1728703732224 after 1 attempt(s)
Caused by: org.apache.kafka.common.errors.TimeoutException: Timed out waiting for a node assignment.

2024-10-12 11:28:57.227  INFO 10820 [| adminclient-1] o.a.k.c.a.i.AdminMetadataManager         : [AdminClient clientId=adminclient-1] Metadata update failed

org.apache.kafka.common.errors.TimeoutException: Call(callName=fetchMetadata, deadlineMs=1728703737224, tries=1, nextAllowedTryMs=1728703737327) timed out at 1728703737227 after 1 attempt(s)
Caused by: org.apache.kafka.common.errors.TimeoutException: Timed out waiting to send the call.

2024-10-12 11:29:14.364  INFO 10820 [| adminclient-1] o.a.k.c.a.i.AdminMetadataManager         : [AdminClient clientId=adminclient-1] Metadata update failed

org.apache.kafka.common.errors.TimeoutException: Call(callName=fetchMetadata, deadlineMs=1728703742227, tries=1, nextAllowedTryMs=1728703754463) timed out at 1728703754363 after 1 attempt(s)
Caused by: org.apache.kafka.common.errors.TimeoutException: Timed out waiting for a node assignment.

2024-10-12 11:29:19.375  INFO 10820 [| adminclient-1] o.a.k.c.a.i.AdminMetadataManager         : [AdminClient clientId=adminclient-1] Metadata update failed

org.apache.kafka.common.errors.TimeoutException: Call(callName=fetchMetadata, deadlineMs=1728703759363, tries=1, nextAllowedTryMs=1728703759475) timed out at 1728703759375 after 1 attempt(s)
Caused by: org.apache.kafka.common.errors.TimeoutException: Timed out waiting to send the call.

2024-10-12 11:29:36.510  INFO 10820 [| adminclient-1] o.a.k.c.a.i.AdminMetadataManager         : [AdminClient clientId=adminclient-1] Metadata update failed

org.apache.kafka.common.errors.TimeoutException: Call(callName=fetchMetadata, deadlineMs=1728703764375, tries=1, nextAllowedTryMs=1728703776610) timed out at 1728703776510 after 1 attempt(s)
Caused by: org.apache.kafka.common.errors.TimeoutException: Timed out waiting for a node assignment.

2024-10-12 11:29:41.516  INFO 10820 [| adminclient-1] o.a.k.c.a.i.AdminMetadataManager         : [AdminClient clientId=adminclient-1] Metadata update failed

org.apache.kafka.common.errors.TimeoutException: Call(callName=fetchMetadata, deadlineMs=1728703781510, tries=1, nextAllowedTryMs=1728703781616) timed out at 1728703781516 after 1 attempt(s)
Caused by: org.apache.kafka.common.errors.TimeoutException: Timed out waiting to send the call.

2024-10-12 11:29:58.744  INFO 10820 [| adminclient-1] o.a.k.c.a.i.AdminMetadataManager         : [AdminClient clientId=adminclient-1] Metadata update failed

org.apache.kafka.common.errors.TimeoutException: Call(callName=fetchMetadata, deadlineMs=1728703786516, tries=1, nextAllowedTryMs=1728703798844) timed out at 1728703798744 after 1 attempt(s)
Caused by: org.apache.kafka.common.errors.TimeoutException: Timed out waiting for a node assignment.

2024-10-12 11:30:03.745  INFO 10820 [| adminclient-1] o.a.k.c.a.i.AdminMetadataManager         : [AdminClient clientId=adminclient-1] Metadata update failed

org.apache.kafka.common.errors.TimeoutException: Call(callName=fetchMetadata, deadlineMs=1728703803744, tries=1, nextAllowedTryMs=1728703803845) timed out at 1728703803745 after 1 attempt(s)
Caused by: org.apache.kafka.common.errors.TimeoutException: Timed out waiting to send the call.

2024-10-12 11:30:20.784  INFO 10820 [| adminclient-1] o.a.k.c.a.i.AdminMetadataManager         : [AdminClient clientId=adminclient-1] Metadata update failed

org.apache.kafka.common.errors.TimeoutException: Call(callName=fetchMetadata, deadlineMs=1728703808745, tries=1, nextAllowedTryMs=1728703820884) timed out at 1728703820784 after 1 attempt(s)
Caused by: org.apache.kafka.common.errors.TimeoutException: Timed out waiting for a node assignment.

2024-10-12 11:30:25.794  INFO 10820 [| adminclient-1] o.a.k.c.a.i.AdminMetadataManager         : [AdminClient clientId=adminclient-1] Metadata update failed

org.apache.kafka.common.errors.TimeoutException: Call(callName=fetchMetadata, deadlineMs=1728703825784, tries=1, nextAllowedTryMs=1728703825894) timed out at 1728703825794 after 1 attempt(s)
Caused by: org.apache.kafka.common.errors.TimeoutException: Timed out waiting to send the call.

2024-10-12 11:30:42.819  INFO 10820 [| adminclient-1] o.a.k.c.a.i.AdminMetadataManager         : [AdminClient clientId=adminclient-1] Metadata update failed

org.apache.kafka.common.errors.TimeoutException: Call(callName=fetchMetadata, deadlineMs=1728703830794, tries=1, nextAllowedTryMs=1728703842919) timed out at 1728703842819 after 1 attempt(s)
Caused by: org.apache.kafka.common.errors.TimeoutException: Timed out waiting for a node assignment.

2024-10-12 11:30:47.822  INFO 10820 [| adminclient-1] o.a.k.c.a.i.AdminMetadataManager         : [AdminClient clientId=adminclient-1] Metadata update failed

org.apache.kafka.common.errors.TimeoutException: Call(callName=fetchMetadata, deadlineMs=1728703847819, tries=1, nextAllowedTryMs=1728703847922) timed out at 1728703847822 after 1 attempt(s)
Caused by: org.apache.kafka.common.errors.TimeoutException: Timed out waiting to send the call.

2024-10-12 11:31:04.828  INFO 10820 [| adminclient-1] o.a.k.c.a.i.AdminMetadataManager         : [AdminClient clientId=adminclient-1] Metadata update failed

org.apache.kafka.common.errors.TimeoutException: Call(callName=fetchMetadata, deadlineMs=1728703852822, tries=1, nextAllowedTryMs=1728703864927) timed out at 1728703864827 after 1 attempt(s)
Caused by: org.apache.kafka.common.errors.TimeoutException: Timed out waiting for a node assignment.

2024-10-12 11:31:09.837  INFO 10820 [| adminclient-1] o.a.k.c.a.i.AdminMetadataManager         : [AdminClient clientId=adminclient-1] Metadata update failed

org.apache.kafka.common.errors.TimeoutException: Call(callName=fetchMetadata, deadlineMs=1728703869827, tries=1, nextAllowedTryMs=1728703869937) timed out at 1728703869837 after 1 attempt(s)
Caused by: org.apache.kafka.common.errors.TimeoutException: Timed out waiting to send the call.

2024-10-12 11:31:27.077  INFO 10820 [| adminclient-1] o.a.k.c.a.i.AdminMetadataManager         : [AdminClient clientId=adminclient-1] Metadata update failed

org.apache.kafka.common.errors.TimeoutException: Call(callName=fetchMetadata, deadlineMs=1728703874837, tries=1, nextAllowedTryMs=1728703887177) timed out at 1728703887077 after 1 attempt(s)
Caused by: org.apache.kafka.common.errors.TimeoutException: Timed out waiting for a node assignment.

2024-10-12 11:31:32.078  INFO 10820 [| adminclient-1] o.a.k.c.a.i.AdminMetadataManager         : [AdminClient clientId=adminclient-1] Metadata update failed

org.apache.kafka.common.errors.TimeoutException: Call(callName=fetchMetadata, deadlineMs=1728703892077, tries=1, nextAllowedTryMs=1728703892178) timed out at 1728703892078 after 1 attempt(s)
Caused by: org.apache.kafka.common.errors.TimeoutException: Timed out waiting to send the call.

2024-10-12 11:31:49.111  INFO 10820 [| adminclient-1] o.a.k.c.a.i.AdminMetadataManager         : [AdminClient clientId=adminclient-1] Metadata update failed

org.apache.kafka.common.errors.TimeoutException: Call(callName=fetchMetadata, deadlineMs=1728703897078, tries=1, nextAllowedTryMs=1728703909211) timed out at 1728703909111 after 1 attempt(s)
Caused by: org.apache.kafka.common.errors.TimeoutException: Timed out waiting for a node assignment.

2024-10-12 11:31:54.112  INFO 10820 [| adminclient-1] o.a.k.c.a.i.AdminMetadataManager         : [AdminClient clientId=adminclient-1] Metadata update failed

org.apache.kafka.common.errors.TimeoutException: Call(callName=fetchMetadata, deadlineMs=1728703914111, tries=1, nextAllowedTryMs=1728703914212) timed out at 1728703914112 after 1 attempt(s)
Caused by: org.apache.kafka.common.errors.TimeoutException: Timed out waiting to send the call.

2024-10-12 11:32:11.154  INFO 10820 [| adminclient-1] o.a.k.c.a.i.AdminMetadataManager         : [AdminClient clientId=adminclient-1] Metadata update failed

org.apache.kafka.common.errors.TimeoutException: Call(callName=fetchMetadata, deadlineMs=1728703919112, tries=1, nextAllowedTryMs=1728703931254) timed out at 1728703931154 after 1 attempt(s)
Caused by: org.apache.kafka.common.errors.TimeoutException: Timed out waiting for a node assignment.

2024-10-12 11:32:16.164  INFO 10820 [| adminclient-1] o.a.k.c.a.i.AdminMetadataManager         : [AdminClient clientId=adminclient-1] Metadata update failed

org.apache.kafka.common.errors.TimeoutException: Call(callName=fetchMetadata, deadlineMs=1728703936154, tries=1, nextAllowedTryMs=1728703936264) timed out at 1728703936164 after 1 attempt(s)
Caused by: org.apache.kafka.common.errors.TimeoutException: Timed out waiting to send the call.

2024-10-12 11:32:29.552  INFO 25848 [           main] cn.net.explorer.ExplorerApplication      : Starting ExplorerApplication using Java 1.8.0_121 on root with PID 25848 (E:\workspace\offset-explorer\target\classes started by 14867 in E:\workspace\offset-explorer)
2024-10-12 11:32:29.555  INFO 25848 [           main] cn.net.explorer.ExplorerApplication      : No active profile set, falling back to 1 default profile: "default"
2024-10-12 11:32:30.460  INFO 25848 [           main] o.s.b.w.embedded.tomcat.TomcatWebServer  : Tomcat initialized with port(s): 8080 (http)
2024-10-12 11:32:30.470  INFO 25848 [           main] o.apache.catalina.core.StandardService   : Starting service [Tomcat]
2024-10-12 11:32:30.470  INFO 25848 [           main] org.apache.catalina.core.StandardEngine  : Starting Servlet engine: [Apache Tomcat/9.0.71]
2024-10-12 11:32:30.581  INFO 25848 [           main] o.a.c.c.C.[Tomcat].[localhost].[/]       : Initializing Spring embedded WebApplicationContext
2024-10-12 11:32:30.581  INFO 25848 [           main] w.s.c.ServletWebServerApplicationContext : Root WebApplicationContext: initialization completed in 976 ms
2024-10-12 11:32:30.763  INFO 25848 [           main] c.a.d.s.b.a.DruidDataSourceAutoConfigure : Init DruidDataSource
2024-10-12 11:32:30.967  INFO 25848 [           main] com.alibaba.druid.pool.DruidDataSource   : {dataSource-1} inited
2024-10-12 11:32:32.038  INFO 25848 [           main] o.s.b.w.embedded.tomcat.TomcatWebServer  : Tomcat started on port(s): 8080 (http) with context path ''
2024-10-12 11:32:32.047  INFO 25848 [           main] cn.net.explorer.ExplorerApplication      : Started ExplorerApplication in 2.973 seconds (JVM running for 4.26)
2024-10-12 11:32:37.608  INFO 25848 [nio-8080-exec-1] o.a.c.c.C.[Tomcat].[localhost].[/]       : Initializing Spring DispatcherServlet 'dispatcherServlet'
2024-10-12 11:32:37.608  INFO 25848 [nio-8080-exec-1] o.s.web.servlet.DispatcherServlet        : Initializing Servlet 'dispatcherServlet'
2024-10-12 11:32:37.608  INFO 25848 [nio-8080-exec-1] o.s.web.servlet.DispatcherServlet        : Completed initialization in 0 ms
2024-10-12 11:43:28.739  INFO 28636 [           main] cn.net.explorer.ExplorerApplication      : Starting ExplorerApplication using Java 1.8.0_121 on root with PID 28636 (E:\workspace\offset-explorer\target\classes started by 14867 in E:\workspace\offset-explorer)
2024-10-12 11:43:28.742  INFO 28636 [           main] cn.net.explorer.ExplorerApplication      : No active profile set, falling back to 1 default profile: "default"
2024-10-12 11:43:29.634  INFO 28636 [           main] o.s.b.w.embedded.tomcat.TomcatWebServer  : Tomcat initialized with port(s): 8080 (http)
2024-10-12 11:43:29.640  INFO 28636 [           main] o.apache.catalina.core.StandardService   : Starting service [Tomcat]
2024-10-12 11:43:29.641  INFO 28636 [           main] org.apache.catalina.core.StandardEngine  : Starting Servlet engine: [Apache Tomcat/9.0.71]
2024-10-12 11:43:29.730  INFO 28636 [           main] o.a.c.c.C.[Tomcat].[localhost].[/]       : Initializing Spring embedded WebApplicationContext
2024-10-12 11:43:29.730  INFO 28636 [           main] w.s.c.ServletWebServerApplicationContext : Root WebApplicationContext: initialization completed in 945 ms
2024-10-12 11:43:29.899  INFO 28636 [           main] c.a.d.s.b.a.DruidDataSourceAutoConfigure : Init DruidDataSource
2024-10-12 11:43:30.103  INFO 28636 [           main] com.alibaba.druid.pool.DruidDataSource   : {dataSource-1} inited
2024-10-12 11:43:31.611  INFO 28636 [           main] o.s.b.w.embedded.tomcat.TomcatWebServer  : Tomcat started on port(s): 8080 (http) with context path ''
2024-10-12 11:43:31.627  INFO 28636 [           main] cn.net.explorer.ExplorerApplication      : Started ExplorerApplication in 3.374 seconds (JVM running for 4.482)
2024-10-12 11:43:39.426  INFO 28636 [nio-8080-exec-1] o.a.c.c.C.[Tomcat].[localhost].[/]       : Initializing Spring DispatcherServlet 'dispatcherServlet'
2024-10-12 11:43:39.426  INFO 28636 [nio-8080-exec-1] o.s.web.servlet.DispatcherServlet        : Initializing Servlet 'dispatcherServlet'
2024-10-12 11:43:39.427  INFO 28636 [nio-8080-exec-1] o.s.web.servlet.DispatcherServlet        : Completed initialization in 1 ms
